  bgiout.cxx
  dibutil.cxx
  drawing.cxx
d:\documents\proje\bgi_1\drawing.cxx(819): warning C4101: 'tries': unreferenced local variable
d:\documents\proje\bgi_1\drawing.cxx(859): warning C4101: 'answer': unreferenced local variable
d:\documents\proje\bgi_1\drawing.cxx(1110): warning C4996: 'strcat': This function or variable may be unsafe. Consider using strcat_s instead. To disable deprecation, use _CRT_SECURE_NO_WARNINGS. See online help for details.
  c:\program files (x86)\windows kits\10\include\10.0.17763.0\ucrt\string.h(90): note: see declaration of 'strcat'
  file.cxx
  misc.cxx
d:\documents\proje\bgi_1\misc.cxx(595): warning C4838: conversion from 'int' to 'unsigned short' requires a narrowing conversion
d:\documents\proje\bgi_1\misc.cxx(596): warning C4838: conversion from 'int' to 'unsigned short' requires a narrowing conversion
d:\documents\proje\bgi_1\misc.cxx(597): warning C4838: conversion from 'int' to 'unsigned short' requires a narrowing conversion
d:\documents\proje\bgi_1\misc.cxx(598): warning C4838: conversion from 'int' to 'unsigned short' requires a narrowing conversion
d:\documents\proje\bgi_1\misc.cxx(599): warning C4838: conversion from 'int' to 'unsigned short' requires a narrowing conversion
  mouse.cxx
  palette.cxx
  main.cxx
d:\documents\proje\bgi_1\main.cxx(189): warning C4244: 'argument': conversion from 'double' to 'int', possible loss of data
d:\documents\proje\bgi_1\main.cxx(192): warning C4244: 'argument': conversion from 'double' to 'int', possible loss of data
d:\documents\proje\bgi_1\main.cxx(195): warning C4244: 'argument': conversion from 'double' to 'int', possible loss of data
d:\documents\proje\bgi_1\main.cxx(194): warning C4244: 'argument': conversion from 'double' to 'int', possible loss of data
d:\documents\proje\bgi_1\main.cxx(333): warning C4805: '==': unsafe mix of type 'int' and type 'bool' in operation
d:\documents\proje\bgi_1\main.cxx(367): warning C4244: '=': conversion from 'double' to 'int', possible loss of data
d:\documents\proje\bgi_1\main.cxx(388): warning C4244: '=': conversion from 'double' to 'float', possible loss of data
d:\documents\proje\bgi_1\main.cxx(397): warning C4244: '=': conversion from 'float' to 'int', possible loss of data
  text.cxx
d:\documents\proje\bgi_1\text.cxx(348): warning C4018: '<': signed/unsigned mismatch
  UNBLOCKME.cpp
d:\documents\proje\bgi_1\unblockme.cpp(178): warning C4244: 'argument': conversion from 'time_t' to 'unsigned int', possible loss of data
d:\documents\proje\bgi_1\unblockme.cpp(94): warning C4996: 'fopen': This function or variable may be unsafe. Consider using fopen_s instead. To disable deprecation, use _CRT_SECURE_NO_WARNINGS. See online help for details.
  c:\program files (x86)\windows kits\10\include\10.0.17763.0\ucrt\stdio.h(208): note: see declaration of 'fopen'
d:\documents\proje\bgi_1\unblockme.cpp(96): warning C4996: 'fscanf': This function or variable may be unsafe. Consider using fscanf_s instead. To disable deprecation, use _CRT_SECURE_NO_WARNINGS. See online help for details.
  c:\program files (x86)\windows kits\10\include\10.0.17763.0\ucrt\stdio.h(1197): note: see declaration of 'fscanf'
d:\documents\proje\bgi_1\unblockme.cpp(97): warning C4996: 'fscanf': This function or variable may be unsafe. Consider using fscanf_s instead. To disable deprecation, use _CRT_SECURE_NO_WARNINGS. See online help for details.
  c:\program files (x86)\windows kits\10\include\10.0.17763.0\ucrt\stdio.h(1197): note: see declaration of 'fscanf'
d:\documents\proje\bgi_1\unblockme.cpp(98): warning C4996: 'fscanf': This function or variable may be unsafe. Consider using fscanf_s instead. To disable deprecation, use _CRT_SECURE_NO_WARNINGS. See online help for details.
  c:\program files (x86)\windows kits\10\include\10.0.17763.0\ucrt\stdio.h(1197): note: see declaration of 'fscanf'
d:\documents\proje\bgi_1\unblockme.cpp(99): warning C4996: 'fscanf': This function or variable may be unsafe. Consider using fscanf_s instead. To disable deprecation, use _CRT_SECURE_NO_WARNINGS. See online help for details.
  c:\program files (x86)\windows kits\10\include\10.0.17763.0\ucrt\stdio.h(1197): note: see declaration of 'fscanf'
d:\documents\proje\bgi_1\unblockme.cpp(100): warning C4996: 'fscanf': This function or variable may be unsafe. Consider using fscanf_s instead. To disable deprecation, use _CRT_SECURE_NO_WARNINGS. See online help for details.
  c:\program files (x86)\windows kits\10\include\10.0.17763.0\ucrt\stdio.h(1197): note: see declaration of 'fscanf'
d:\documents\proje\bgi_1\unblockme.cpp(101): warning C4996: 'fscanf': This function or variable may be unsafe. Consider using fscanf_s instead. To disable deprecation, use _CRT_SECURE_NO_WARNINGS. See online help for details.
  c:\program files (x86)\windows kits\10\include\10.0.17763.0\ucrt\stdio.h(1197): note: see declaration of 'fscanf'
d:\documents\proje\bgi_1\unblockme.cpp(102): warning C4996: 'fscanf': This function or variable may be unsafe. Consider using fscanf_s instead. To disable deprecation, use _CRT_SECURE_NO_WARNINGS. See online help for details.
  c:\program files (x86)\windows kits\10\include\10.0.17763.0\ucrt\stdio.h(1197): note: see declaration of 'fscanf'
d:\documents\proje\bgi_1\unblockme.cpp(103): warning C4996: 'fscanf': This function or variable may be unsafe. Consider using fscanf_s instead. To disable deprecation, use _CRT_SECURE_NO_WARNINGS. See online help for details.
  c:\program files (x86)\windows kits\10\include\10.0.17763.0\ucrt\stdio.h(1197): note: see declaration of 'fscanf'
d:\documents\proje\bgi_1\unblockme.cpp(104): warning C4996: 'fscanf': This function or variable may be unsafe. Consider using fscanf_s instead. To disable deprecation, use _CRT_SECURE_NO_WARNINGS. See online help for details.
  c:\program files (x86)\windows kits\10\include\10.0.17763.0\ucrt\stdio.h(1197): note: see declaration of 'fscanf'
d:\documents\proje\bgi_1\unblockme.cpp(105): warning C4996: 'fscanf': This function or variable may be unsafe. Consider using fscanf_s instead. To disable deprecation, use _CRT_SECURE_NO_WARNINGS. See online help for details.
  c:\program files (x86)\windows kits\10\include\10.0.17763.0\ucrt\stdio.h(1197): note: see declaration of 'fscanf'
d:\documents\proje\bgi_1\unblockme.cpp(106): warning C4996: 'fscanf': This function or variable may be unsafe. Consider using fscanf_s instead. To disable deprecation, use _CRT_SECURE_NO_WARNINGS. See online help for details.
  c:\program files (x86)\windows kits\10\include\10.0.17763.0\ucrt\stdio.h(1197): note: see declaration of 'fscanf'
d:\documents\proje\bgi_1\unblockme.cpp(107): warning C4996: 'fscanf': This function or variable may be unsafe. Consider using fscanf_s instead. To disable deprecation, use _CRT_SECURE_NO_WARNINGS. See online help for details.
  c:\program files (x86)\windows kits\10\include\10.0.17763.0\ucrt\stdio.h(1197): note: see declaration of 'fscanf'
d:\documents\proje\bgi_1\unblockme.cpp(108): warning C4996: 'fscanf': This function or variable may be unsafe. Consider using fscanf_s instead. To disable deprecation, use _CRT_SECURE_NO_WARNINGS. See online help for details.
  c:\program files (x86)\windows kits\10\include\10.0.17763.0\ucrt\stdio.h(1197): note: see declaration of 'fscanf'
d:\documents\proje\bgi_1\unblockme.cpp(109): warning C4996: 'fscanf': This function or variable may be unsafe. Consider using fscanf_s instead. To disable deprecation, use _CRT_SECURE_NO_WARNINGS. See online help for details.
  c:\program files (x86)\windows kits\10\include\10.0.17763.0\ucrt\stdio.h(1197): note: see declaration of 'fscanf'
d:\documents\proje\bgi_1\unblockme.cpp(110): warning C4996: 'fscanf': This function or variable may be unsafe. Consider using fscanf_s instead. To disable deprecation, use _CRT_SECURE_NO_WARNINGS. See online help for details.
  c:\program files (x86)\windows kits\10\include\10.0.17763.0\ucrt\stdio.h(1197): note: see declaration of 'fscanf'
d:\documents\proje\bgi_1\unblockme.cpp(111): warning C4996: 'fscanf': This function or variable may be unsafe. Consider using fscanf_s instead. To disable deprecation, use _CRT_SECURE_NO_WARNINGS. See online help for details.
  c:\program files (x86)\windows kits\10\include\10.0.17763.0\ucrt\stdio.h(1197): note: see declaration of 'fscanf'
d:\documents\proje\bgi_1\unblockme.cpp(554): warning C4996: 'fopen': This function or variable may be unsafe. Consider using fopen_s instead. To disable deprecation, use _CRT_SECURE_NO_WARNINGS. See online help for details.
  c:\program files (x86)\windows kits\10\include\10.0.17763.0\ucrt\stdio.h(208): note: see declaration of 'fopen'
d:\documents\proje\bgi_1\unblockme.cpp(583): warning C4996: 'sprintf': This function or variable may be unsafe. Consider using sprintf_s instead. To disable deprecation, use _CRT_SECURE_NO_WARNINGS. See online help for details.
  c:\program files (x86)\windows kits\10\include\10.0.17763.0\ucrt\stdio.h(1774): note: see declaration of 'sprintf'
d:\documents\proje\bgi_1\unblockme.cpp(609): warning C4996: 'fopen': This function or variable may be unsafe. Consider using fopen_s instead. To disable deprecation, use _CRT_SECURE_NO_WARNINGS. See online help for details.
  c:\program files (x86)\windows kits\10\include\10.0.17763.0\ucrt\stdio.h(208): note: see declaration of 'fopen'
d:\documents\proje\bgi_1\unblockme.cpp(612): warning C4996: 'fscanf': This function or variable may be unsafe. Consider using fscanf_s instead. To disable deprecation, use _CRT_SECURE_NO_WARNINGS. See online help for details.
  c:\program files (x86)\windows kits\10\include\10.0.17763.0\ucrt\stdio.h(1197): note: see declaration of 'fscanf'
d:\documents\proje\bgi_1\unblockme.cpp(614): warning C4996: 'fscanf': This function or variable may be unsafe. Consider using fscanf_s instead. To disable deprecation, use _CRT_SECURE_NO_WARNINGS. See online help for details.
  c:\program files (x86)\windows kits\10\include\10.0.17763.0\ucrt\stdio.h(1197): note: see declaration of 'fscanf'
d:\documents\proje\bgi_1\unblockme.cpp(617): warning C4996: 'fscanf': This function or variable may be unsafe. Consider using fscanf_s instead. To disable deprecation, use _CRT_SECURE_NO_WARNINGS. See online help for details.
  c:\program files (x86)\windows kits\10\include\10.0.17763.0\ucrt\stdio.h(1197): note: see declaration of 'fscanf'
d:\documents\proje\bgi_1\unblockme.cpp(619): warning C4996: 'fscanf': This function or variable may be unsafe. Consider using fscanf_s instead. To disable deprecation, use _CRT_SECURE_NO_WARNINGS. See online help for details.
  c:\program files (x86)\windows kits\10\include\10.0.17763.0\ucrt\stdio.h(1197): note: see declaration of 'fscanf'
d:\documents\proje\bgi_1\unblockme.cpp(658): warning C4996: 'sprintf': This function or variable may be unsafe. Consider using sprintf_s instead. To disable deprecation, use _CRT_SECURE_NO_WARNINGS. See online help for details.
  c:\program files (x86)\windows kits\10\include\10.0.17763.0\ucrt\stdio.h(1774): note: see declaration of 'sprintf'
d:\documents\proje\bgi_1\unblockme.cpp(800): warning C4996: 'fopen': This function or variable may be unsafe. Consider using fopen_s instead. To disable deprecation, use _CRT_SECURE_NO_WARNINGS. See online help for details.
  c:\program files (x86)\windows kits\10\include\10.0.17763.0\ucrt\stdio.h(208): note: see declaration of 'fopen'
d:\documents\proje\bgi_1\unblockme.cpp(1275): warning C4996: 'sprintf': This function or variable may be unsafe. Consider using sprintf_s instead. To disable deprecation, use _CRT_SECURE_NO_WARNINGS. See online help for details.
  c:\program files (x86)\windows kits\10\include\10.0.17763.0\ucrt\stdio.h(1774): note: see declaration of 'sprintf'
d:\documents\proje\bgi_1\unblockme.cpp(1467): warning C4996: 'fopen': This function or variable may be unsafe. Consider using fopen_s instead. To disable deprecation, use _CRT_SECURE_NO_WARNINGS. See online help for details.
  c:\program files (x86)\windows kits\10\include\10.0.17763.0\ucrt\stdio.h(208): note: see declaration of 'fopen'
d:\documents\proje\bgi_1\unblockme.cpp(2005): warning C4996: 'sprintf': This function or variable may be unsafe. Consider using sprintf_s instead. To disable deprecation, use _CRT_SECURE_NO_WARNINGS. See online help for details.
  c:\program files (x86)\windows kits\10\include\10.0.17763.0\ucrt\stdio.h(1774): note: see declaration of 'sprintf'
d:\documents\proje\bgi_1\unblockme.cpp(2169): warning C4996: 'fopen': This function or variable may be unsafe. Consider using fopen_s instead. To disable deprecation, use _CRT_SECURE_NO_WARNINGS. See online help for details.
  c:\program files (x86)\windows kits\10\include\10.0.17763.0\ucrt\stdio.h(208): note: see declaration of 'fopen'
d:\documents\proje\bgi_1\unblockme.cpp(607): warning C4101: 'sayi2': unreferenced local variable
d:\documents\proje\bgi_1\unblockme.cpp(607): warning C4101: 'sayi1': unreferenced local variable
  winbgi.cxx
d:\documents\proje\bgi_1\winbgi.cxx(134): warning C4101: 'actual_color': unreferenced local variable
d:\documents\proje\bgi_1\winbgi.cxx(133): warning C4101: 'bgi_color': unreferenced local variable
d:\documents\proje\bgi_1\winbgi.cxx(494): warning C4996: 'sprintf': This function or variable may be unsafe. Consider using sprintf_s instead. To disable deprecation, use _CRT_SECURE_NO_WARNINGS. See online help for details.
  c:\program files (x86)\windows kits\10\include\10.0.17763.0\ucrt\stdio.h(1774): note: see declaration of 'sprintf'
  winthread.cxx
d:\documents\proje\bgi_1\winthread.cxx(320): warning C4101: 'i': unreferenced local variable
  Generating Code...
d:\documents\proje\bgi_1\unblockme.cpp(45): warning C4715: 'ic': not all control paths return a value
LINK : warning LNK4031: no subsystem specified; CONSOLE assumed
  bgi.vcxproj -> D:\Documents\proje\bgi_1\Debug\bgi.exe
